{"C:\\Users\\PC\\Desktop\\opeyemi\\alertMFB\\src\\app.controller.ts": {"path":"C:\\Users\\PC\\Desktop\\opeyemi\\alertMFB\\src\\app.controller.ts","statementMap":{"0":{"start":{"line":1,"column":0},"end":{"line":1,"column":49}},"1":{"start":{"line":2,"column":0},"end":{"line":2,"column":43}},"2":{"start":{"line":5,"column":7},"end":{"line":12,"column":null}},"3":{"start":{"line":6,"column":31},"end":{"line":6,"column":43}},"4":{"start":{"line":10,"column":4},"end":{"line":10,"column":38}},"5":{"start":{"line":5,"column":13},"end":{"line":5,"column":26}},"6":{"start":{"line":9,"column":2},"end":{"line":11,"column":null}},"7":{"start":{"line":5,"column":13},"end":{"line":12,"column":null}}},"fnMap":{"0":{"name":"(anonymous_2)","decl":{"start":{"line":6,"column":2},"end":{"line":6,"column":31}},"loc":{"start":{"line":6,"column":53},"end":{"line":6,"column":57}}},"1":{"name":"(anonymous_3)","decl":{"start":{"line":9,"column":2},"end":{"line":9,"column":10}},"loc":{"start":{"line":9,"column":10},"end":{"line":11,"column":3}}}},"branchMap":{},"s":{"0":1,"1":1,"2":1,"3":1,"4":1,"5":1,"6":1,"7":1},"f":{"0":1,"1":1},"b":{}}
,"C:\\Users\\PC\\Desktop\\opeyemi\\alertMFB\\src\\app.module.ts": {"path":"C:\\Users\\PC\\Desktop\\opeyemi\\alertMFB\\src\\app.module.ts","statementMap":{"0":{"start":{"line":1,"column":0},"end":{"line":1,"column":40}},"1":{"start":{"line":2,"column":0},"end":{"line":2,"column":70}},"2":{"start":{"line":3,"column":0},"end":{"line":3,"column":50}},"3":{"start":{"line":4,"column":0},"end":{"line":4,"column":41}},"4":{"start":{"line":5,"column":0},"end":{"line":5,"column":48}},"5":{"start":{"line":6,"column":0},"end":{"line":6,"column":48}},"6":{"start":{"line":7,"column":0},"end":{"line":7,"column":48}},"7":{"start":{"line":23,"column":7},"end":{"line":23,"column":null}},"8":{"start":{"line":23,"column":13},"end":{"line":23,"column":22}},"9":{"start":{"line":23,"column":13},"end":{"line":23,"column":null}}},"fnMap":{},"branchMap":{},"s":{"0":1,"1":1,"2":1,"3":1,"4":1,"5":1,"6":1,"7":1,"8":1,"9":1},"f":{},"b":{}}
,"C:\\Users\\PC\\Desktop\\opeyemi\\alertMFB\\src\\app.service.ts": {"path":"C:\\Users\\PC\\Desktop\\opeyemi\\alertMFB\\src\\app.service.ts","statementMap":{"0":{"start":{"line":1,"column":0},"end":{"line":1,"column":44}},"1":{"start":{"line":4,"column":7},"end":{"line":8,"column":null}},"2":{"start":{"line":6,"column":4},"end":{"line":6,"column":26}},"3":{"start":{"line":4,"column":13},"end":{"line":4,"column":23}},"4":{"start":{"line":4,"column":13},"end":{"line":8,"column":null}}},"fnMap":{"0":{"name":"(anonymous_1)","decl":{"start":{"line":5,"column":2},"end":{"line":5,"column":10}},"loc":{"start":{"line":5,"column":10},"end":{"line":7,"column":3}}}},"branchMap":{},"s":{"0":1,"1":1,"2":1,"3":1,"4":1},"f":{"0":1},"b":{}}
,"C:\\Users\\PC\\Desktop\\opeyemi\\alertMFB\\src\\main.ts": {"path":"C:\\Users\\PC\\Desktop\\opeyemi\\alertMFB\\src\\main.ts","statementMap":{"0":{"start":{"line":1,"column":0},"end":{"line":1,"column":43}},"1":{"start":{"line":2,"column":0},"end":{"line":2,"column":41}},"2":{"start":{"line":3,"column":0},"end":{"line":3,"column":48}},"3":{"start":{"line":4,"column":0},"end":{"line":4,"column":55}},"4":{"start":{"line":7,"column":14},"end":{"line":7,"column":49}},"5":{"start":{"line":10,"column":2},"end":{"line":10,"column":43}},"6":{"start":{"line":13,"column":2},"end":{"line":13,"column":47}},"7":{"start":{"line":14,"column":2},"end":{"line":14,"column":45}},"8":{"start":{"line":17,"column":0},"end":{"line":17,"column":12}}},"fnMap":{"0":{"name":"bootstrap","decl":{"start":{"line":6,"column":15},"end":{"line":6,"column":24}},"loc":{"start":{"line":6,"column":24},"end":{"line":15,"column":1}}}},"branchMap":{"0":{"loc":{"start":{"line":14,"column":19},"end":{"line":14,"column":43}},"type":"binary-expr","locations":[{"start":{"line":14,"column":19},"end":{"line":14,"column":35}},{"start":{"line":14,"column":39},"end":{"line":14,"column":43}}]}},"s":{"0":0,"1":0,"2":0,"3":0,"4":0,"5":0,"6":0,"7":0,"8":0},"f":{"0":0},"b":{"0":[0,0]}}
,"C:\\Users\\PC\\Desktop\\opeyemi\\alertMFB\\src\\auth\\auth.controller.ts": {"path":"C:\\Users\\PC\\Desktop\\opeyemi\\alertMFB\\src\\auth\\auth.controller.ts","statementMap":{"0":{"start":{"line":1,"column":0},"end":{"line":1,"column":56}},"1":{"start":{"line":2,"column":0},"end":{"line":2,"column":45}},"2":{"start":{"line":3,"column":0},"end":{"line":3,"column":96}},"3":{"start":{"line":7,"column":7},"end":{"line":34,"column":null}},"4":{"start":{"line":8,"column":31},"end":{"line":8,"column":44}},"5":{"start":{"line":12,"column":4},"end":{"line":12,"column":52}},"6":{"start":{"line":17,"column":4},"end":{"line":17,"column":44}},"7":{"start":{"line":22,"column":4},"end":{"line":22,"column":62}},"8":{"start":{"line":27,"column":4},"end":{"line":27,"column":60}},"9":{"start":{"line":7,"column":13},"end":{"line":7,"column":27}},"10":{"start":{"line":11,"column":2},"end":{"line":13,"column":null}},"11":{"start":{"line":16,"column":8},"end":{"line":18,"column":null}},"12":{"start":{"line":21,"column":8},"end":{"line":23,"column":null}},"13":{"start":{"line":26,"column":8},"end":{"line":28,"column":null}},"14":{"start":{"line":7,"column":13},"end":{"line":34,"column":null}}},"fnMap":{"0":{"name":"(anonymous_4)","decl":{"start":{"line":8,"column":2},"end":{"line":8,"column":31}},"loc":{"start":{"line":8,"column":55},"end":{"line":8,"column":60}}},"1":{"name":"(anonymous_5)","decl":{"start":{"line":11,"column":2},"end":{"line":11,"column":10}},"loc":{"start":{"line":11,"column":47},"end":{"line":13,"column":3}}},"2":{"name":"(anonymous_6)","decl":{"start":{"line":16,"column":2},"end":{"line":16,"column":7}},"loc":{"start":{"line":16,"column":40},"end":{"line":18,"column":3}}},"3":{"name":"(anonymous_7)","decl":{"start":{"line":21,"column":2},"end":{"line":21,"column":7}},"loc":{"start":{"line":21,"column":67},"end":{"line":23,"column":3}}},"4":{"name":"(anonymous_8)","decl":{"start":{"line":26,"column":2},"end":{"line":26,"column":7}},"loc":{"start":{"line":26,"column":64},"end":{"line":28,"column":3}}}},"branchMap":{},"s":{"0":2,"1":2,"2":2,"3":2,"4":0,"5":0,"6":0,"7":0,"8":0,"9":2,"10":2,"11":2,"12":2,"13":2,"14":2},"f":{"0":0,"1":0,"2":0,"3":0,"4":0},"b":{}}
,"C:\\Users\\PC\\Desktop\\opeyemi\\alertMFB\\src\\auth\\auth.module.ts": {"path":"C:\\Users\\PC\\Desktop\\opeyemi\\alertMFB\\src\\auth\\auth.module.ts","statementMap":{"0":{"start":{"line":1,"column":0},"end":{"line":1,"column":40}},"1":{"start":{"line":2,"column":0},"end":{"line":2,"column":45}},"2":{"start":{"line":3,"column":0},"end":{"line":3,"column":40}},"3":{"start":{"line":4,"column":0},"end":{"line":4,"column":50}},"4":{"start":{"line":5,"column":0},"end":{"line":5,"column":58}},"5":{"start":{"line":6,"column":0},"end":{"line":6,"column":51}},"6":{"start":{"line":7,"column":0},"end":{"line":7,"column":52}},"7":{"start":{"line":21,"column":7},"end":{"line":21,"column":null}},"8":{"start":{"line":21,"column":13},"end":{"line":21,"column":23}},"9":{"start":{"line":21,"column":13},"end":{"line":21,"column":null}}},"fnMap":{},"branchMap":{},"s":{"0":1,"1":1,"2":1,"3":1,"4":1,"5":1,"6":1,"7":1,"8":1,"9":1},"f":{},"b":{}}
,"C:\\Users\\PC\\Desktop\\opeyemi\\alertMFB\\src\\auth\\auth.service.ts": {"path":"C:\\Users\\PC\\Desktop\\opeyemi\\alertMFB\\src\\auth\\auth.service.ts","statementMap":{"0":{"start":{"line":1,"column":0},"end":{"line":1,"column":137}},"1":{"start":{"line":3,"column":0},"end":{"line":3,"column":58}},"2":{"start":{"line":4,"column":0},"end":{"line":4,"column":41}},"3":{"start":{"line":5,"column":0},"end":{"line":5,"column":33}},"4":{"start":{"line":6,"column":0},"end":{"line":6,"column":55}},"5":{"start":{"line":9,"column":7},"end":{"line":159,"column":null}},"6":{"start":{"line":11,"column":21},"end":{"line":11,"column":33}},"7":{"start":{"line":12,"column":21},"end":{"line":12,"column":29}},"8":{"start":{"line":13,"column":21},"end":{"line":13,"column":36}},"9":{"start":{"line":17,"column":4},"end":{"line":25,"column":5}},"10":{"start":{"line":18,"column":19},"end":{"line":18,"column":74}},"11":{"start":{"line":19,"column":6},"end":{"line":21,"column":7}},"12":{"start":{"line":20,"column":8},"end":{"line":20,"column":20}},"13":{"start":{"line":22,"column":6},"end":{"line":22,"column":18}},"14":{"start":{"line":24,"column":6},"end":{"line":24,"column":82}},"15":{"start":{"line":29,"column":4},"end":{"line":57,"column":5}},"16":{"start":{"line":30,"column":19},"end":{"line":30,"column":81}},"17":{"start":{"line":32,"column":6},"end":{"line":34,"column":7}},"18":{"start":{"line":33,"column":8},"end":{"line":33,"column":63}},"19":{"start":{"line":36,"column":22},"end":{"line":36,"column":76}},"20":{"start":{"line":38,"column":26},"end":{"line":41,"column":8}},"21":{"start":{"line":43,"column":27},"end":{"line":46,"column":8}},"22":{"start":{"line":48,"column":6},"end":{"line":51,"column":8}},"23":{"start":{"line":53,"column":6},"end":{"line":55,"column":7}},"24":{"start":{"line":54,"column":8},"end":{"line":54,"column":20}},"25":{"start":{"line":56,"column":6},"end":{"line":56,"column":85}},"26":{"start":{"line":61,"column":4},"end":{"line":77,"column":5}},"27":{"start":{"line":62,"column":29},"end":{"line":62,"column":69}},"28":{"start":{"line":64,"column":19},"end":{"line":69,"column":8}},"29":{"start":{"line":70,"column":6},"end":{"line":70,"column":18}},"30":{"start":{"line":72,"column":6},"end":{"line":74,"column":7}},"31":{"start":{"line":73,"column":8},"end":{"line":73,"column":62}},"32":{"start":{"line":75,"column":6},"end":{"line":75,"column":null}},"33":{"start":{"line":76,"column":6},"end":{"line":76,"column":85}},"34":{"start":{"line":81,"column":22},"end":{"line":81,"column":26}},"35":{"start":{"line":82,"column":4},"end":{"line":106,"column":5}},"36":{"start":{"line":83,"column":19},"end":{"line":83,"column":74}},"37":{"start":{"line":84,"column":6},"end":{"line":86,"column":7}},"38":{"start":{"line":85,"column":8},"end":{"line":85,"column":69}},"39":{"start":{"line":89,"column":20},"end":{"line":91,"column":null}},"40":{"start":{"line":95,"column":23},"end":{"line":95,"column":82}},"41":{"start":{"line":96,"column":6},"end":{"line":101,"column":9}},"42":{"start":{"line":103,"column":6},"end":{"line":103,"column":76}},"43":{"start":{"line":105,"column":6},"end":{"line":105,"column":89}},"44":{"start":{"line":110,"column":35},"end":{"line":110,"column":39}},"45":{"start":{"line":111,"column":4},"end":{"line":135,"column":5}},"46":{"start":{"line":113,"column":22},"end":{"line":113,"column":102}},"47":{"start":{"line":114,"column":19},"end":{"line":114,"column":84}},"48":{"start":{"line":116,"column":6},"end":{"line":118,"column":7}},"49":{"start":{"line":117,"column":8},"end":{"line":117,"column":54}},"50":{"start":{"line":121,"column":29},"end":{"line":121,"column":63}},"51":{"start":{"line":124,"column":6},"end":{"line":127,"column":9}},"52":{"start":{"line":129,"column":6},"end":{"line":129,"column":56}},"53":{"start":{"line":131,"column":6},"end":{"line":133,"column":7}},"54":{"start":{"line":132,"column":8},"end":{"line":132,"column":76}},"55":{"start":{"line":134,"column":6},"end":{"line":134,"column":73}},"56":{"start":{"line":138,"column":4},"end":{"line":157,"column":5}},"57":{"start":{"line":139,"column":22},"end":{"line":141,"column":8}},"58":{"start":{"line":143,"column":22},"end":{"line":143,"column":86}},"59":{"start":{"line":144,"column":29},"end":{"line":147,"column":8}},"60":{"start":{"line":149,"column":6},"end":{"line":149,"column":45}},"61":{"start":{"line":151,"column":6},"end":{"line":155,"column":7}},"62":{"start":{"line":152,"column":8},"end":{"line":152,"column":65}},"63":{"start":{"line":153,"column":13},"end":{"line":155,"column":7}},"64":{"start":{"line":154,"column":8},"end":{"line":154,"column":65}},"65":{"start":{"line":156,"column":6},"end":{"line":156,"column":79}},"66":{"start":{"line":9,"column":13},"end":{"line":9,"column":24}},"67":{"start":{"line":9,"column":13},"end":{"line":159,"column":null}}},"fnMap":{"0":{"name":"(anonymous_2)","decl":{"start":{"line":10,"column":2},"end":{"line":10,"column":null}},"loc":{"start":{"line":13,"column":49},"end":{"line":14,"column":7}}},"1":{"name":"(anonymous_3)","decl":{"start":{"line":16,"column":2},"end":{"line":16,"column":7}},"loc":{"start":{"line":16,"column":52},"end":{"line":26,"column":3}}},"2":{"name":"(anonymous_4)","decl":{"start":{"line":28,"column":2},"end":{"line":28,"column":7}},"loc":{"start":{"line":28,"column":32},"end":{"line":58,"column":3}}},"3":{"name":"(anonymous_5)","decl":{"start":{"line":60,"column":2},"end":{"line":60,"column":7}},"loc":{"start":{"line":60,"column":36},"end":{"line":78,"column":3}}},"4":{"name":"(anonymous_6)","decl":{"start":{"line":80,"column":2},"end":{"line":80,"column":7}},"loc":{"start":{"line":80,"column":46},"end":{"line":107,"column":3}}},"5":{"name":"(anonymous_7)","decl":{"start":{"line":109,"column":2},"end":{"line":109,"column":7}},"loc":{"start":{"line":109,"column":44},"end":{"line":136,"column":3}}},"6":{"name":"(anonymous_8)","decl":{"start":{"line":137,"column":2},"end":{"line":137,"column":7}},"loc":{"start":{"line":137,"column":41},"end":{"line":158,"column":3}}}},"branchMap":{"0":{"loc":{"start":{"line":19,"column":6},"end":{"line":21,"column":7}},"type":"if","locations":[{"start":{"line":19,"column":6},"end":{"line":21,"column":7}}]},"1":{"loc":{"start":{"line":19,"column":10},"end":{"line":19,"column":69}},"type":"binary-expr","locations":[{"start":{"line":19,"column":10},"end":{"line":19,"column":14}},{"start":{"line":19,"column":19},"end":{"line":19,"column":68}}]},"2":{"loc":{"start":{"line":32,"column":6},"end":{"line":34,"column":7}},"type":"if","locations":[{"start":{"line":32,"column":6},"end":{"line":34,"column":7}}]},"3":{"loc":{"start":{"line":53,"column":6},"end":{"line":55,"column":7}},"type":"if","locations":[{"start":{"line":53,"column":6},"end":{"line":55,"column":7}}]},"4":{"loc":{"start":{"line":72,"column":6},"end":{"line":74,"column":7}},"type":"if","locations":[{"start":{"line":72,"column":6},"end":{"line":74,"column":7}}]},"5":{"loc":{"start":{"line":84,"column":6},"end":{"line":86,"column":7}},"type":"if","locations":[{"start":{"line":84,"column":6},"end":{"line":86,"column":7}}]},"6":{"loc":{"start":{"line":116,"column":6},"end":{"line":118,"column":7}},"type":"if","locations":[{"start":{"line":116,"column":6},"end":{"line":118,"column":7}}]},"7":{"loc":{"start":{"line":131,"column":6},"end":{"line":133,"column":7}},"type":"if","locations":[{"start":{"line":131,"column":6},"end":{"line":133,"column":7}}]},"8":{"loc":{"start":{"line":151,"column":6},"end":{"line":155,"column":7}},"type":"if","locations":[{"start":{"line":151,"column":6},"end":{"line":155,"column":7}},{"start":{"line":153,"column":13},"end":{"line":155,"column":7}}]},"9":{"loc":{"start":{"line":153,"column":13},"end":{"line":155,"column":7}},"type":"if","locations":[{"start":{"line":153,"column":13},"end":{"line":155,"column":7}}]}},"s":{"0":3,"1":3,"2":3,"3":3,"4":3,"5":3,"6":0,"7":0,"8":0,"9":0,"10":0,"11":0,"12":0,"13":0,"14":0,"15":0,"16":0,"17":0,"18":0,"19":0,"20":0,"21":0,"22":0,"23":0,"24":0,"25":0,"26":0,"27":0,"28":0,"29":0,"30":0,"31":0,"32":0,"33":0,"34":0,"35":0,"36":0,"37":0,"38":0,"39":0,"40":0,"41":0,"42":0,"43":0,"44":0,"45":0,"46":0,"47":0,"48":0,"49":0,"50":0,"51":0,"52":0,"53":0,"54":0,"55":0,"56":0,"57":0,"58":0,"59":0,"60":0,"61":0,"62":0,"63":0,"64":0,"65":0,"66":3,"67":3},"f":{"0":0,"1":0,"2":0,"3":0,"4":0,"5":0,"6":0},"b":{"0":[0],"1":[0,0],"2":[0],"3":[0],"4":[0],"5":[0],"6":[0],"7":[0],"8":[0,0],"9":[0]}}
,"C:\\Users\\PC\\Desktop\\opeyemi\\alertMFB\\src\\auth\\roles.decorator.ts": {"path":"C:\\Users\\PC\\Desktop\\opeyemi\\alertMFB\\src\\auth\\roles.decorator.ts","statementMap":{"0":{"start":{"line":1,"column":0},"end":{"line":1,"column":45}},"1":{"start":{"line":3,"column":13},"end":{"line":3,"column":33}},"2":{"start":{"line":4,"column":21},"end":{"line":4,"column":74}},"3":{"start":{"line":4,"column":45},"end":{"line":4,"column":74}},"4":{"start":{"line":4,"column":13},"end":{"line":4,"column":21}}},"fnMap":{"0":{"name":"(anonymous_0)","decl":{"start":{"line":4,"column":21},"end":{"line":4,"column":22}},"loc":{"start":{"line":4,"column":45},"end":{"line":4,"column":74}}}},"branchMap":{},"s":{"0":1,"1":1,"2":1,"3":4,"4":1},"f":{"0":4},"b":{}}
,"C:\\Users\\PC\\Desktop\\opeyemi\\alertMFB\\src\\auth\\roles.guard.ts": {"path":"C:\\Users\\PC\\Desktop\\opeyemi\\alertMFB\\src\\auth\\roles.guard.ts","statementMap":{"0":{"start":{"line":1,"column":0},"end":{"line":1,"column":118}},"1":{"start":{"line":2,"column":0},"end":{"line":2,"column":41}},"2":{"start":{"line":3,"column":0},"end":{"line":3,"column":46}},"3":{"start":{"line":4,"column":0},"end":{"line":4,"column":51}},"4":{"start":{"line":5,"column":0},"end":{"line":5,"column":36}},"5":{"start":{"line":8,"column":7},"end":{"line":69,"column":null}},"6":{"start":{"line":9,"column":24},"end":{"line":9,"column":35}},"7":{"start":{"line":9,"column":54},"end":{"line":9,"column":67}},"8":{"start":{"line":12,"column":12},"end":{"line":16,"column":6}},"9":{"start":{"line":19,"column":30},"end":{"line":22,"column":10}},"10":{"start":{"line":23,"column":8},"end":{"line":25,"column":9}},"11":{"start":{"line":24,"column":12},"end":{"line":24,"column":24}},"12":{"start":{"line":27,"column":24},"end":{"line":27,"column":59}},"13":{"start":{"line":28,"column":36},"end":{"line":28,"column":68}},"14":{"start":{"line":30,"column":8},"end":{"line":32,"column":9}},"15":{"start":{"line":31,"column":12},"end":{"line":31,"column":76}},"16":{"start":{"line":33,"column":22},"end":{"line":33,"column":55}},"17":{"start":{"line":34,"column":8},"end":{"line":36,"column":9}},"18":{"start":{"line":35,"column":12},"end":{"line":35,"column":68}},"19":{"start":{"line":38,"column":8},"end":{"line":67,"column":9}},"20":{"start":{"line":40,"column":28},"end":{"line":40,"column":76}},"21":{"start":{"line":41,"column":27},"end":{"line":41,"column":38}},"22":{"start":{"line":43,"column":31},"end":{"line":43,"column":80}},"23":{"start":{"line":44,"column":12},"end":{"line":44,"column":43}},"24":{"start":{"line":45,"column":34},"end":{"line":45,"column":48}},"25":{"start":{"line":48,"column":28},"end":{"line":57,"column":14}},"26":{"start":{"line":49,"column":32},"end":{"line":49,"column":55}},"27":{"start":{"line":51,"column":16},"end":{"line":55,"column":17}},"28":{"start":{"line":52,"column":43},"end":{"line":52,"column":72}},"29":{"start":{"line":54,"column":20},"end":{"line":54,"column":67}},"30":{"start":{"line":56,"column":16},"end":{"line":56,"column":29}},"31":{"start":{"line":59,"column":12},"end":{"line":61,"column":13}},"32":{"start":{"line":60,"column":16},"end":{"line":60,"column":114}},"33":{"start":{"line":63,"column":12},"end":{"line":63,"column":24}},"34":{"start":{"line":66,"column":12},"end":{"line":66,"column":22}},"35":{"start":{"line":8,"column":13},"end":{"line":8,"column":23}},"36":{"start":{"line":8,"column":13},"end":{"line":69,"column":null}}},"fnMap":{"0":{"name":"(anonymous_2)","decl":{"start":{"line":9,"column":4},"end":{"line":9,"column":24}},"loc":{"start":{"line":9,"column":78},"end":{"line":9,"column":83}}},"1":{"name":"(anonymous_3)","decl":{"start":{"line":18,"column":4},"end":{"line":18,"column":9}},"loc":{"start":{"line":18,"column":47},"end":{"line":68,"column":5}}},"2":{"name":"(anonymous_4)","decl":{"start":{"line":48,"column":50},"end":{"line":48,"column":51}},"loc":{"start":{"line":48,"column":59},"end":{"line":57,"column":13}}}},"branchMap":{"0":{"loc":{"start":{"line":23,"column":8},"end":{"line":25,"column":9}},"type":"if","locations":[{"start":{"line":23,"column":8},"end":{"line":25,"column":9}}]},"1":{"loc":{"start":{"line":30,"column":8},"end":{"line":32,"column":9}},"type":"if","locations":[{"start":{"line":30,"column":8},"end":{"line":32,"column":9}}]},"2":{"loc":{"start":{"line":34,"column":8},"end":{"line":36,"column":9}},"type":"if","locations":[{"start":{"line":34,"column":8},"end":{"line":36,"column":9}}]},"3":{"loc":{"start":{"line":51,"column":16},"end":{"line":55,"column":17}},"type":"if","locations":[{"start":{"line":51,"column":16},"end":{"line":55,"column":17}}]},"4":{"loc":{"start":{"line":59,"column":12},"end":{"line":61,"column":13}},"type":"if","locations":[{"start":{"line":59,"column":12},"end":{"line":61,"column":13}}]}},"s":{"0":1,"1":1,"2":1,"3":1,"4":1,"5":1,"6":2,"7":2,"8":2,"9":0,"10":0,"11":0,"12":0,"13":0,"14":0,"15":0,"16":0,"17":0,"18":0,"19":0,"20":0,"21":0,"22":0,"23":0,"24":0,"25":0,"26":0,"27":0,"28":0,"29":0,"30":0,"31":0,"32":0,"33":0,"34":0,"35":1,"36":1},"f":{"0":2,"1":0,"2":0},"b":{"0":[0],"1":[0],"2":[0],"3":[0],"4":[0]}}
,"C:\\Users\\PC\\Desktop\\opeyemi\\alertMFB\\src\\auth\\skip.decorator.ts": {"path":"C:\\Users\\PC\\Desktop\\opeyemi\\alertMFB\\src\\auth\\skip.decorator.ts","statementMap":{"0":{"start":{"line":1,"column":0},"end":{"line":1,"column":45}},"1":{"start":{"line":3,"column":13},"end":{"line":3,"column":41}},"2":{"start":{"line":4,"column":24},"end":{"line":4,"column":62}},"3":{"start":{"line":4,"column":30},"end":{"line":4,"column":62}},"4":{"start":{"line":4,"column":13},"end":{"line":4,"column":24}}},"fnMap":{"0":{"name":"(anonymous_0)","decl":{"start":{"line":4,"column":24},"end":{"line":4,"column":27}},"loc":{"start":{"line":4,"column":30},"end":{"line":4,"column":62}}}},"branchMap":{},"s":{"0":1,"1":1,"2":1,"3":0,"4":1},"f":{"0":0},"b":{}}
,"C:\\Users\\PC\\Desktop\\opeyemi\\alertMFB\\src\\auth\\dto\\create.dto.ts": {"path":"C:\\Users\\PC\\Desktop\\opeyemi\\alertMFB\\src\\auth\\dto\\create.dto.ts","statementMap":{"0":{"start":{"line":1,"column":0},"end":{"line":1,"column":75}},"1":{"start":{"line":4,"column":0},"end":{"line":4,"column":13}},"2":{"start":{"line":7,"column":4},"end":{"line":7,"column":null}},"3":{"start":{"line":11,"column":4},"end":{"line":11,"column":null}},"4":{"start":{"line":15,"column":4},"end":{"line":15,"column":null}},"5":{"start":{"line":20,"column":4},"end":{"line":20,"column":null}},"6":{"start":{"line":25,"column":0},"end":{"line":25,"column":13}},"7":{"start":{"line":28,"column":4},"end":{"line":28,"column":null}},"8":{"start":{"line":32,"column":4},"end":{"line":32,"column":null}},"9":{"start":{"line":35,"column":0},"end":{"line":35,"column":13}},"10":{"start":{"line":38,"column":4},"end":{"line":38,"column":null}},"11":{"start":{"line":41,"column":0},"end":{"line":41,"column":13}},"12":{"start":{"line":44,"column":4},"end":{"line":44,"column":null}},"13":{"start":{"line":50,"column":4},"end":{"line":50,"column":null}}},"fnMap":{},"branchMap":{},"s":{"0":2,"1":2,"2":2,"3":2,"4":2,"5":2,"6":2,"7":2,"8":2,"9":2,"10":2,"11":2,"12":2,"13":2},"f":{},"b":{}}
,"C:\\Users\\PC\\Desktop\\opeyemi\\alertMFB\\src\\auth\\dto\\update-auth.dto.ts": {"path":"C:\\Users\\PC\\Desktop\\opeyemi\\alertMFB\\src\\auth\\dto\\update-auth.dto.ts","statementMap":{"0":{"start":{"line":1,"column":0},"end":{"line":1,"column":51}},"1":{"start":{"line":2,"column":0},"end":{"line":2,"column":45}},"2":{"start":{"line":4,"column":0},"end":{"line":4,"column":13}}},"fnMap":{},"branchMap":{},"s":{"0":0,"1":0,"2":0},"f":{},"b":{}}
,"C:\\Users\\PC\\Desktop\\opeyemi\\alertMFB\\src\\auth\\entities\\auth.entity.ts": {"path":"C:\\Users\\PC\\Desktop\\opeyemi\\alertMFB\\src\\auth\\entities\\auth.entity.ts","statementMap":{"0":{"start":{"line":1,"column":0},"end":{"line":1,"column":13}}},"fnMap":{},"branchMap":{},"s":{"0":0},"f":{},"b":{}}
,"C:\\Users\\PC\\Desktop\\opeyemi\\alertMFB\\src\\prisma\\prisma.module.ts": {"path":"C:\\Users\\PC\\Desktop\\opeyemi\\alertMFB\\src\\prisma\\prisma.module.ts","statementMap":{"0":{"start":{"line":2,"column":0},"end":{"line":2,"column":40}},"1":{"start":{"line":3,"column":0},"end":{"line":3,"column":63}},"2":{"start":{"line":8,"column":7},"end":{"line":8,"column":null}},"3":{"start":{"line":8,"column":13},"end":{"line":8,"column":23}},"4":{"start":{"line":8,"column":13},"end":{"line":8,"column":null}}},"fnMap":{},"branchMap":{},"s":{"0":0,"1":0,"2":0,"3":0,"4":0},"f":{},"b":{}}
,"C:\\Users\\PC\\Desktop\\opeyemi\\alertMFB\\src\\prisma\\prisma.services.ts": {"path":"C:\\Users\\PC\\Desktop\\opeyemi\\alertMFB\\src\\prisma\\prisma.services.ts","statementMap":{"0":{"start":{"line":1,"column":0},"end":{"line":1,"column":75}},"1":{"start":{"line":2,"column":0},"end":{"line":2,"column":46}},"2":{"start":{"line":5,"column":7},"end":{"line":13,"column":null}},"3":{"start":{"line":7,"column":4},"end":{"line":7,"column":26}},"4":{"start":{"line":11,"column":4},"end":{"line":11,"column":29}},"5":{"start":{"line":5,"column":13},"end":{"line":5,"column":26}},"6":{"start":{"line":5,"column":13},"end":{"line":13,"column":null}},"7":{"start":{"line":16,"column":7},"end":{"line":45,"column":null}},"8":{"start":{"line":17,"column":22},"end":{"line":17,"column":30}},"9":{"start":{"line":21,"column":4},"end":{"line":21,"column":64}},"10":{"start":{"line":22,"column":4},"end":{"line":22,"column":27}},"11":{"start":{"line":23,"column":4},"end":{"line":23,"column":54}},"12":{"start":{"line":28,"column":18},"end":{"line":28,"column":48}},"13":{"start":{"line":30,"column":4},"end":{"line":43,"column":5}},"14":{"start":{"line":31,"column":25},"end":{"line":33,"column":8}},"15":{"start":{"line":35,"column":6},"end":{"line":42,"column":7}},"16":{"start":{"line":36,"column":8},"end":{"line":38,"column":11}},"17":{"start":{"line":39,"column":8},"end":{"line":39,"column":53}},"18":{"start":{"line":41,"column":8},"end":{"line":41,"column":70}},"19":{"start":{"line":16,"column":13},"end":{"line":16,"column":24}},"20":{"start":{"line":16,"column":13},"end":{"line":45,"column":null}}},"fnMap":{"0":{"name":"(anonymous_2)","decl":{"start":{"line":6,"column":2},"end":{"line":6,"column":7}},"loc":{"start":{"line":6,"column":20},"end":{"line":8,"column":3}}},"1":{"name":"(anonymous_3)","decl":{"start":{"line":10,"column":2},"end":{"line":10,"column":7}},"loc":{"start":{"line":10,"column":23},"end":{"line":12,"column":3}}},"2":{"name":"(anonymous_4)","decl":{"start":{"line":17,"column":2},"end":{"line":17,"column":22}},"loc":{"start":{"line":17,"column":43},"end":{"line":17,"column":48}}},"3":{"name":"(anonymous_5)","decl":{"start":{"line":20,"column":2},"end":{"line":20,"column":7}},"loc":{"start":{"line":20,"column":20},"end":{"line":24,"column":3}}},"4":{"name":"(anonymous_6)","decl":{"start":{"line":26,"column":10},"end":{"line":26,"column":15}},"loc":{"start":{"line":26,"column":25},"end":{"line":44,"column":3}}}},"branchMap":{"0":{"loc":{"start":{"line":35,"column":6},"end":{"line":42,"column":7}},"type":"if","locations":[{"start":{"line":35,"column":6},"end":{"line":42,"column":7}},{"start":{"line":40,"column":13},"end":{"line":42,"column":7}}]}},"s":{"0":3,"1":3,"2":3,"3":0,"4":0,"5":3,"6":3,"7":3,"8":1,"9":0,"10":0,"11":0,"12":0,"13":0,"14":0,"15":0,"16":0,"17":0,"18":0,"19":3,"20":3},"f":{"0":0,"1":0,"2":1,"3":0,"4":0},"b":{"0":[0,0]}}
,"C:\\Users\\PC\\Desktop\\opeyemi\\alertMFB\\src\\shared\\exceptions.ts": {"path":"C:\\Users\\PC\\Desktop\\opeyemi\\alertMFB\\src\\shared\\exceptions.ts","statementMap":{"0":{"start":{"line":1,"column":0},"end":{"line":1,"column":98}},"1":{"start":{"line":5,"column":7},"end":{"line":28,"column":null}},"2":{"start":{"line":7,"column":20},"end":{"line":7,"column":39}},"3":{"start":{"line":8,"column":25},"end":{"line":8,"column":52}},"4":{"start":{"line":9,"column":24},"end":{"line":9,"column":49}},"5":{"start":{"line":12,"column":23},"end":{"line":14,"column":46}},"6":{"start":{"line":17,"column":24},"end":{"line":19,"column":37}},"7":{"start":{"line":21,"column":8},"end":{"line":26,"column":11}},"8":{"start":{"line":5,"column":13},"end":{"line":5,"column":29}},"9":{"start":{"line":5,"column":13},"end":{"line":28,"column":null}}},"fnMap":{"0":{"name":"(anonymous_1)","decl":{"start":{"line":6,"column":4},"end":{"line":6,"column":9}},"loc":{"start":{"line":6,"column":49},"end":{"line":27,"column":5}}}},"branchMap":{"0":{"loc":{"start":{"line":12,"column":23},"end":{"line":14,"column":46}},"type":"cond-expr","locations":[{"start":{"line":13,"column":14},"end":{"line":13,"column":35}},{"start":{"line":14,"column":14},"end":{"line":14,"column":46}}]},"1":{"loc":{"start":{"line":17,"column":24},"end":{"line":19,"column":37}},"type":"cond-expr","locations":[{"start":{"line":18,"column":14},"end":{"line":18,"column":37}},{"start":{"line":19,"column":14},"end":{"line":19,"column":37}}]}},"s":{"0":0,"1":0,"2":0,"3":0,"4":0,"5":0,"6":0,"7":0,"8":0,"9":0},"f":{"0":0},"b":{"0":[0,0],"1":[0,0]}}
,"C:\\Users\\PC\\Desktop\\opeyemi\\alertMFB\\src\\shared\\jwt.guard.ts": {"path":"C:\\Users\\PC\\Desktop\\opeyemi\\alertMFB\\src\\shared\\jwt.guard.ts","statementMap":{"0":{"start":{"line":1,"column":0},"end":{"line":1,"column":62}},"1":{"start":{"line":2,"column":0},"end":{"line":2,"column":45}},"2":{"start":{"line":3,"column":0},"end":{"line":3,"column":41}},"3":{"start":{"line":4,"column":0},"end":{"line":4,"column":55}},"4":{"start":{"line":7,"column":7},"end":{"line":18,"column":null}},"5":{"start":{"line":9,"column":8},"end":{"line":9,"column":16}},"6":{"start":{"line":8,"column":24},"end":{"line":8,"column":35}},"7":{"start":{"line":12,"column":25},"end":{"line":12,"column":89}},"8":{"start":{"line":13,"column":8},"end":{"line":15,"column":9}},"9":{"start":{"line":14,"column":12},"end":{"line":14,"column":24}},"10":{"start":{"line":16,"column":8},"end":{"line":16,"column":42}},"11":{"start":{"line":7,"column":13},"end":{"line":7,"column":25}},"12":{"start":{"line":7,"column":13},"end":{"line":18,"column":null}}},"fnMap":{"0":{"name":"(anonymous_2)","decl":{"start":{"line":8,"column":4},"end":{"line":8,"column":24}},"loc":{"start":{"line":8,"column":44},"end":{"line":10,"column":5}}},"1":{"name":"(anonymous_3)","decl":{"start":{"line":11,"column":4},"end":{"line":11,"column":15}},"loc":{"start":{"line":11,"column":41},"end":{"line":17,"column":5}}}},"branchMap":{"0":{"loc":{"start":{"line":13,"column":8},"end":{"line":15,"column":9}},"type":"if","locations":[{"start":{"line":13,"column":8},"end":{"line":15,"column":9}}]}},"s":{"0":1,"1":1,"2":1,"3":1,"4":1,"5":1,"6":1,"7":0,"8":0,"9":0,"10":0,"11":1,"12":1},"f":{"0":1,"1":0},"b":{"0":[0]}}
,"C:\\Users\\PC\\Desktop\\opeyemi\\alertMFB\\src\\shared\\jwtStrategy.ts": {"path":"C:\\Users\\PC\\Desktop\\opeyemi\\alertMFB\\src\\shared\\jwtStrategy.ts","statementMap":{"0":{"start":{"line":1,"column":0},"end":{"line":1,"column":67}},"1":{"start":{"line":2,"column":0},"end":{"line":2,"column":52}},"2":{"start":{"line":3,"column":0},"end":{"line":3,"column":52}},"3":{"start":{"line":4,"column":0},"end":{"line":4,"column":58}},"4":{"start":{"line":5,"column":0},"end":{"line":5,"column":41}},"5":{"start":{"line":6,"column":0},"end":{"line":6,"column":68}},"6":{"start":{"line":9,"column":7},"end":{"line":43,"column":null}},"7":{"start":{"line":14,"column":8},"end":{"line":17,"column":11}},"8":{"start":{"line":11,"column":25},"end":{"line":11,"column":33}},"9":{"start":{"line":12,"column":25},"end":{"line":12,"column":37}},"10":{"start":{"line":21,"column":8},"end":{"line":41,"column":9}},"11":{"start":{"line":22,"column":25},"end":{"line":25,"column":14}},"12":{"start":{"line":26,"column":12},"end":{"line":28,"column":13}},"13":{"start":{"line":27,"column":16},"end":{"line":27,"column":66}},"14":{"start":{"line":30,"column":12},"end":{"line":30,"column":24}},"15":{"start":{"line":34,"column":12},"end":{"line":38,"column":13}},"16":{"start":{"line":35,"column":16},"end":{"line":35,"column":65}},"17":{"start":{"line":36,"column":19},"end":{"line":38,"column":13}},"18":{"start":{"line":37,"column":16},"end":{"line":37,"column":65}},"19":{"start":{"line":40,"column":12},"end":{"line":40,"column":68}},"20":{"start":{"line":9,"column":13},"end":{"line":9,"column":24}},"21":{"start":{"line":9,"column":13},"end":{"line":43,"column":null}}},"fnMap":{"0":{"name":"(anonymous_2)","decl":{"start":{"line":10,"column":4},"end":{"line":10,"column":null}},"loc":{"start":{"line":12,"column":47},"end":{"line":18,"column":5}}},"1":{"name":"(anonymous_3)","decl":{"start":{"line":20,"column":4},"end":{"line":20,"column":9}},"loc":{"start":{"line":20,"column":31},"end":{"line":42,"column":5}}}},"branchMap":{"0":{"loc":{"start":{"line":26,"column":12},"end":{"line":28,"column":13}},"type":"if","locations":[{"start":{"line":26,"column":12},"end":{"line":28,"column":13}}]},"1":{"loc":{"start":{"line":34,"column":12},"end":{"line":38,"column":13}},"type":"if","locations":[{"start":{"line":34,"column":12},"end":{"line":38,"column":13}},{"start":{"line":36,"column":19},"end":{"line":38,"column":13}}]},"2":{"loc":{"start":{"line":36,"column":19},"end":{"line":38,"column":13}},"type":"if","locations":[{"start":{"line":36,"column":19},"end":{"line":38,"column":13}}]}},"s":{"0":1,"1":1,"2":1,"3":1,"4":1,"5":1,"6":1,"7":1,"8":1,"9":1,"10":0,"11":0,"12":0,"13":0,"14":0,"15":0,"16":0,"17":0,"18":0,"19":0,"20":1,"21":1},"f":{"0":1,"1":0},"b":{"0":[0],"1":[0,0],"2":[0]}}
,"C:\\Users\\PC\\Desktop\\opeyemi\\alertMFB\\src\\shared\\entities\\role.entity.ts": {"path":"C:\\Users\\PC\\Desktop\\opeyemi\\alertMFB\\src\\shared\\entities\\role.entity.ts","statementMap":{"0":{"start":{"line":12,"column":8},"end":{"line":12,"column":37}},"1":{"start":{"line":2,"column":0},"end":{"line":2,"column":13}}},"fnMap":{"0":{"name":"(anonymous_0)","decl":{"start":{"line":11,"column":4},"end":{"line":11,"column":16}},"loc":{"start":{"line":11,"column":38},"end":{"line":13,"column":5}}}},"branchMap":{},"s":{"0":0,"1":0},"f":{"0":0},"b":{}}
,"C:\\Users\\PC\\Desktop\\opeyemi\\alertMFB\\src\\user\\user.controller.ts": {"path":"C:\\Users\\PC\\Desktop\\opeyemi\\alertMFB\\src\\user\\user.controller.ts","statementMap":{"0":{"start":{"line":1,"column":0},"end":{"line":1,"column":94}},"1":{"start":{"line":2,"column":0},"end":{"line":2,"column":45}},"2":{"start":{"line":3,"column":0},"end":{"line":3,"column":69}},"3":{"start":{"line":4,"column":0},"end":{"line":4,"column":49}},"4":{"start":{"line":5,"column":0},"end":{"line":5,"column":48}},"5":{"start":{"line":6,"column":0},"end":{"line":6,"column":51}},"6":{"start":{"line":11,"column":7},"end":{"line":56,"column":null}},"7":{"start":{"line":12,"column":31},"end":{"line":12,"column":44}},"8":{"start":{"line":16,"column":4},"end":{"line":16,"column":39}},"9":{"start":{"line":22,"column":4},"end":{"line":22,"column":39}},"10":{"start":{"line":28,"column":4},"end":{"line":28,"column":52}},"11":{"start":{"line":35,"column":4},"end":{"line":35,"column":54}},"12":{"start":{"line":47,"column":4},"end":{"line":47,"column":66}},"13":{"start":{"line":54,"column":4},"end":{"line":54,"column":44}},"14":{"start":{"line":11,"column":13},"end":{"line":11,"column":27}},"15":{"start":{"line":15,"column":8},"end":{"line":17,"column":null}},"16":{"start":{"line":21,"column":8},"end":{"line":23,"column":null}},"17":{"start":{"line":27,"column":8},"end":{"line":29,"column":null}},"18":{"start":{"line":34,"column":8},"end":{"line":36,"column":null}},"19":{"start":{"line":46,"column":8},"end":{"line":48,"column":null}},"20":{"start":{"line":53,"column":8},"end":{"line":55,"column":null}},"21":{"start":{"line":11,"column":13},"end":{"line":56,"column":null}}},"fnMap":{"0":{"name":"(anonymous_4)","decl":{"start":{"line":12,"column":2},"end":{"line":12,"column":31}},"loc":{"start":{"line":12,"column":55},"end":{"line":12,"column":60}}},"1":{"name":"(anonymous_5)","decl":{"start":{"line":15,"column":2},"end":{"line":15,"column":7}},"loc":{"start":{"line":15,"column":16},"end":{"line":17,"column":3}}},"2":{"name":"(anonymous_6)","decl":{"start":{"line":21,"column":2},"end":{"line":21,"column":7}},"loc":{"start":{"line":21,"column":16},"end":{"line":23,"column":3}}},"3":{"name":"(anonymous_7)","decl":{"start":{"line":27,"column":2},"end":{"line":27,"column":7}},"loc":{"start":{"line":27,"column":43},"end":{"line":29,"column":3}}},"4":{"name":"(anonymous_8)","decl":{"start":{"line":34,"column":2},"end":{"line":34,"column":7}},"loc":{"start":{"line":34,"column":55},"end":{"line":36,"column":3}}},"5":{"name":"(anonymous_9)","decl":{"start":{"line":46,"column":2},"end":{"line":46,"column":7}},"loc":{"start":{"line":46,"column":76},"end":{"line":48,"column":3}}},"6":{"name":"(anonymous_10)","decl":{"start":{"line":53,"column":2},"end":{"line":53,"column":7}},"loc":{"start":{"line":53,"column":42},"end":{"line":55,"column":3}}}},"branchMap":{},"s":{"0":1,"1":1,"2":1,"3":1,"4":1,"5":1,"6":1,"7":1,"8":0,"9":0,"10":0,"11":0,"12":0,"13":0,"14":1,"15":1,"16":1,"17":1,"18":1,"19":1,"20":1,"21":1},"f":{"0":1,"1":0,"2":0,"3":0,"4":0,"5":0,"6":0},"b":{}}
,"C:\\Users\\PC\\Desktop\\opeyemi\\alertMFB\\src\\user\\user.module.ts": {"path":"C:\\Users\\PC\\Desktop\\opeyemi\\alertMFB\\src\\user\\user.module.ts","statementMap":{"0":{"start":{"line":1,"column":0},"end":{"line":1,"column":40}},"1":{"start":{"line":2,"column":0},"end":{"line":2,"column":45}},"2":{"start":{"line":3,"column":0},"end":{"line":3,"column":51}},"3":{"start":{"line":4,"column":0},"end":{"line":4,"column":58}},"4":{"start":{"line":10,"column":7},"end":{"line":10,"column":null}},"5":{"start":{"line":10,"column":13},"end":{"line":10,"column":23}},"6":{"start":{"line":10,"column":13},"end":{"line":10,"column":null}}},"fnMap":{},"branchMap":{},"s":{"0":1,"1":1,"2":1,"3":1,"4":1,"5":1,"6":1},"f":{},"b":{}}
,"C:\\Users\\PC\\Desktop\\opeyemi\\alertMFB\\src\\user\\user.service.ts": {"path":"C:\\Users\\PC\\Desktop\\opeyemi\\alertMFB\\src\\user\\user.service.ts","statementMap":{"0":{"start":{"line":1,"column":0},"end":{"line":1,"column":93}},"1":{"start":{"line":3,"column":0},"end":{"line":3,"column":58}},"2":{"start":{"line":7,"column":7},"end":{"line":105,"column":null}},"3":{"start":{"line":8,"column":22},"end":{"line":8,"column":30}},"4":{"start":{"line":12,"column":4},"end":{"line":18,"column":6}},"5":{"start":{"line":22,"column":18},"end":{"line":24,"column":25}},"6":{"start":{"line":26,"column":4},"end":{"line":32,"column":7}},"7":{"start":{"line":37,"column":34},"end":{"line":37,"column":47}},"8":{"start":{"line":39,"column":4},"end":{"line":53,"column":5}},"9":{"start":{"line":40,"column":26},"end":{"line":45,"column":8}},"10":{"start":{"line":47,"column":6},"end":{"line":47,"column":25}},"11":{"start":{"line":49,"column":6},"end":{"line":51,"column":7}},"12":{"start":{"line":50,"column":8},"end":{"line":50,"column":68}},"13":{"start":{"line":52,"column":6},"end":{"line":52,"column":90}},"14":{"start":{"line":56,"column":17},"end":{"line":56,"column":77}},"15":{"start":{"line":58,"column":4},"end":{"line":60,"column":5}},"16":{"start":{"line":59,"column":6},"end":{"line":59,"column":52}},"17":{"start":{"line":62,"column":4},"end":{"line":62,"column":61}},"18":{"start":{"line":64,"column":4},"end":{"line":64,"column":60}},"19":{"start":{"line":69,"column":17},"end":{"line":69,"column":59}},"20":{"start":{"line":71,"column":4},"end":{"line":73,"column":5}},"21":{"start":{"line":72,"column":6},"end":{"line":72,"column":40}},"22":{"start":{"line":76,"column":20},"end":{"line":76,"column":70}},"23":{"start":{"line":76,"column":46},"end":{"line":76,"column":69}},"24":{"start":{"line":78,"column":4},"end":{"line":81,"column":5}},"25":{"start":{"line":80,"column":6},"end":{"line":80,"column":18}},"26":{"start":{"line":84,"column":4},"end":{"line":94,"column":7}},"27":{"start":{"line":97,"column":4},"end":{"line":97,"column":48}},"28":{"start":{"line":101,"column":4},"end":{"line":101,"column":39}},"29":{"start":{"line":7,"column":13},"end":{"line":7,"column":24}},"30":{"start":{"line":7,"column":13},"end":{"line":105,"column":null}}},"fnMap":{"0":{"name":"(anonymous_2)","decl":{"start":{"line":8,"column":2},"end":{"line":8,"column":22}},"loc":{"start":{"line":8,"column":43},"end":{"line":8,"column":48}}},"1":{"name":"(anonymous_3)","decl":{"start":{"line":11,"column":2},"end":{"line":11,"column":7}},"loc":{"start":{"line":11,"column":16},"end":{"line":19,"column":3}}},"2":{"name":"(anonymous_4)","decl":{"start":{"line":21,"column":2},"end":{"line":21,"column":7}},"loc":{"start":{"line":21,"column":50},"end":{"line":33,"column":3}}},"3":{"name":"(anonymous_5)","decl":{"start":{"line":36,"column":2},"end":{"line":36,"column":7}},"loc":{"start":{"line":36,"column":43},"end":{"line":54,"column":3}}},"4":{"name":"(anonymous_6)","decl":{"start":{"line":55,"column":2},"end":{"line":55,"column":7}},"loc":{"start":{"line":55,"column":33},"end":{"line":65,"column":3}}},"5":{"name":"(anonymous_7)","decl":{"start":{"line":67,"column":2},"end":{"line":67,"column":7}},"loc":{"start":{"line":67,"column":38},"end":{"line":98,"column":3}}},"6":{"name":"(anonymous_8)","decl":{"start":{"line":76,"column":36},"end":{"line":76,"column":37}},"loc":{"start":{"line":76,"column":46},"end":{"line":76,"column":69}}},"7":{"name":"(anonymous_9)","decl":{"start":{"line":100,"column":2},"end":{"line":100,"column":7}},"loc":{"start":{"line":100,"column":16},"end":{"line":102,"column":3}}}},"branchMap":{"0":{"loc":{"start":{"line":22,"column":18},"end":{"line":24,"column":25}},"type":"cond-expr","locations":[{"start":{"line":23,"column":8},"end":{"line":23,"column":22}},{"start":{"line":24,"column":8},"end":{"line":24,"column":25}}]},"1":{"loc":{"start":{"line":49,"column":6},"end":{"line":51,"column":7}},"type":"if","locations":[{"start":{"line":49,"column":6},"end":{"line":51,"column":7}}]},"2":{"loc":{"start":{"line":58,"column":4},"end":{"line":60,"column":5}},"type":"if","locations":[{"start":{"line":58,"column":4},"end":{"line":60,"column":5}}]},"3":{"loc":{"start":{"line":71,"column":4},"end":{"line":73,"column":5}},"type":"if","locations":[{"start":{"line":71,"column":4},"end":{"line":73,"column":5}}]},"4":{"loc":{"start":{"line":78,"column":4},"end":{"line":81,"column":5}},"type":"if","locations":[{"start":{"line":78,"column":4},"end":{"line":81,"column":5}}]}},"s":{"0":1,"1":1,"2":1,"3":2,"4":0,"5":0,"6":0,"7":0,"8":0,"9":0,"10":0,"11":0,"12":0,"13":0,"14":0,"15":0,"16":0,"17":0,"18":0,"19":0,"20":0,"21":0,"22":0,"23":0,"24":0,"25":0,"26":0,"27":0,"28":0,"29":1,"30":1},"f":{"0":2,"1":0,"2":0,"3":0,"4":0,"5":0,"6":0,"7":0},"b":{"0":[0,0],"1":[0],"2":[0],"3":[0],"4":[0]}}
,"C:\\Users\\PC\\Desktop\\opeyemi\\alertMFB\\src\\user\\dto\\create-user.dto.ts": {"path":"C:\\Users\\PC\\Desktop\\opeyemi\\alertMFB\\src\\user\\dto\\create-user.dto.ts","statementMap":{"0":{"start":{"line":1,"column":0},"end":{"line":1,"column":85}},"1":{"start":{"line":3,"column":0},"end":{"line":3,"column":13}},"2":{"start":{"line":4,"column":0},"end":{"line":4,"column":13}},"3":{"start":{"line":12,"column":0},"end":{"line":12,"column":13}},"4":{"start":{"line":15,"column":4},"end":{"line":15,"column":null}}},"fnMap":{},"branchMap":{},"s":{"0":1,"1":1,"2":1,"3":1,"4":1},"f":{},"b":{}}
,"C:\\Users\\PC\\Desktop\\opeyemi\\alertMFB\\src\\user\\dto\\update-user.dto.ts": {"path":"C:\\Users\\PC\\Desktop\\opeyemi\\alertMFB\\src\\user\\dto\\update-user.dto.ts","statementMap":{"0":{"start":{"line":1,"column":0},"end":{"line":1,"column":51}},"1":{"start":{"line":2,"column":0},"end":{"line":2,"column":50}},"2":{"start":{"line":4,"column":0},"end":{"line":4,"column":13}}},"fnMap":{},"branchMap":{},"s":{"0":0,"1":0,"2":0},"f":{},"b":{}}
,"C:\\Users\\PC\\Desktop\\opeyemi\\alertMFB\\src\\user\\entities\\user.entity.ts": {"path":"C:\\Users\\PC\\Desktop\\opeyemi\\alertMFB\\src\\user\\entities\\user.entity.ts","statementMap":{"0":{"start":{"line":20,"column":8},"end":{"line":20,"column":37}},"1":{"start":{"line":2,"column":0},"end":{"line":2,"column":13}}},"fnMap":{"0":{"name":"(anonymous_0)","decl":{"start":{"line":19,"column":4},"end":{"line":19,"column":16}},"loc":{"start":{"line":19,"column":38},"end":{"line":21,"column":5}}}},"branchMap":{},"s":{"0":0,"1":0},"f":{"0":0},"b":{}}
}
