TN:
SF:src\app.controller.ts
FN:6,(anonymous_2)
FN:9,(anonymous_3)
FNF:2
FNH:2
FNDA:1,(anonymous_2)
FNDA:1,(anonymous_3)
DA:1,1
DA:2,1
DA:5,1
DA:6,1
DA:9,1
DA:10,1
LF:6
LH:6
BRF:0
BRH:0
end_of_record
TN:
SF:src\app.module.ts
FNF:0
FNH:0
DA:1,1
DA:2,1
DA:3,1
DA:4,1
DA:5,1
DA:6,1
DA:7,1
DA:23,1
LF:8
LH:8
BRF:0
BRH:0
end_of_record
TN:
SF:src\app.service.ts
FN:5,(anonymous_1)
FNF:1
FNH:1
FNDA:1,(anonymous_1)
DA:1,1
DA:4,1
DA:6,1
LF:3
LH:3
BRF:0
BRH:0
end_of_record
TN:
SF:src\main.ts
FN:6,bootstrap
FNF:1
FNH:0
FNDA:0,bootstrap
DA:1,0
DA:2,0
DA:3,0
DA:4,0
DA:7,0
DA:10,0
DA:13,0
DA:14,0
DA:17,0
LF:9
LH:0
BRDA:14,0,0,0
BRDA:14,0,1,0
BRF:2
BRH:0
end_of_record
TN:
SF:src\auth\auth.controller.ts
FN:8,(anonymous_4)
FN:11,(anonymous_5)
FN:16,(anonymous_6)
FN:21,(anonymous_7)
FN:26,(anonymous_8)
FNF:5
FNH:0
FNDA:0,(anonymous_4)
FNDA:0,(anonymous_5)
FNDA:0,(anonymous_6)
FNDA:0,(anonymous_7)
FNDA:0,(anonymous_8)
DA:1,2
DA:2,2
DA:3,2
DA:7,2
DA:8,0
DA:11,2
DA:12,0
DA:16,2
DA:17,0
DA:21,2
DA:22,0
DA:26,2
DA:27,0
LF:13
LH:8
BRF:0
BRH:0
end_of_record
TN:
SF:src\auth\auth.module.ts
FNF:0
FNH:0
DA:1,1
DA:2,1
DA:3,1
DA:4,1
DA:5,1
DA:6,1
DA:7,1
DA:21,1
LF:8
LH:8
BRF:0
BRH:0
end_of_record
TN:
SF:src\auth\auth.service.ts
FN:10,(anonymous_2)
FN:16,(anonymous_3)
FN:28,(anonymous_4)
FN:60,(anonymous_5)
FN:80,(anonymous_6)
FN:109,(anonymous_7)
FN:137,(anonymous_8)
FNF:7
FNH:0
FNDA:0,(anonymous_2)
FNDA:0,(anonymous_3)
FNDA:0,(anonymous_4)
FNDA:0,(anonymous_5)
FNDA:0,(anonymous_6)
FNDA:0,(anonymous_7)
FNDA:0,(anonymous_8)
DA:1,3
DA:3,3
DA:4,3
DA:5,3
DA:6,3
DA:9,3
DA:11,0
DA:12,0
DA:13,0
DA:17,0
DA:18,0
DA:19,0
DA:20,0
DA:22,0
DA:24,0
DA:29,0
DA:30,0
DA:32,0
DA:33,0
DA:36,0
DA:38,0
DA:43,0
DA:48,0
DA:53,0
DA:54,0
DA:56,0
DA:61,0
DA:62,0
DA:64,0
DA:70,0
DA:72,0
DA:73,0
DA:75,0
DA:76,0
DA:81,0
DA:82,0
DA:83,0
DA:84,0
DA:85,0
DA:89,0
DA:95,0
DA:96,0
DA:103,0
DA:105,0
DA:110,0
DA:111,0
DA:113,0
DA:114,0
DA:116,0
DA:117,0
DA:121,0
DA:124,0
DA:129,0
DA:131,0
DA:132,0
DA:134,0
DA:138,0
DA:139,0
DA:143,0
DA:144,0
DA:149,0
DA:151,0
DA:152,0
DA:153,0
DA:154,0
DA:156,0
LF:66
LH:6
BRDA:19,0,0,0
BRDA:19,1,0,0
BRDA:19,1,1,0
BRDA:32,2,0,0
BRDA:53,3,0,0
BRDA:72,4,0,0
BRDA:84,5,0,0
BRDA:116,6,0,0
BRDA:131,7,0,0
BRDA:151,8,0,0
BRDA:151,8,1,0
BRDA:153,9,0,0
BRF:12
BRH:0
end_of_record
TN:
SF:src\auth\roles.decorator.ts
FN:4,(anonymous_0)
FNF:1
FNH:1
FNDA:4,(anonymous_0)
DA:1,1
DA:3,1
DA:4,4
LF:3
LH:3
BRF:0
BRH:0
end_of_record
TN:
SF:src\auth\roles.guard.ts
FN:9,(anonymous_2)
FN:18,(anonymous_3)
FN:48,(anonymous_4)
FNF:3
FNH:1
FNDA:2,(anonymous_2)
FNDA:0,(anonymous_3)
FNDA:0,(anonymous_4)
DA:1,1
DA:2,1
DA:3,1
DA:4,1
DA:5,1
DA:8,1
DA:9,2
DA:12,2
DA:19,0
DA:23,0
DA:24,0
DA:27,0
DA:28,0
DA:30,0
DA:31,0
DA:33,0
DA:34,0
DA:35,0
DA:38,0
DA:40,0
DA:41,0
DA:43,0
DA:44,0
DA:45,0
DA:48,0
DA:49,0
DA:51,0
DA:52,0
DA:54,0
DA:56,0
DA:59,0
DA:60,0
DA:63,0
DA:66,0
LF:34
LH:8
BRDA:23,0,0,0
BRDA:30,1,0,0
BRDA:34,2,0,0
BRDA:51,3,0,0
BRDA:59,4,0,0
BRF:5
BRH:0
end_of_record
TN:
SF:src\auth\skip.decorator.ts
FN:4,(anonymous_0)
FNF:1
FNH:0
FNDA:0,(anonymous_0)
DA:1,1
DA:3,1
DA:4,1
LF:3
LH:3
BRF:0
BRH:0
end_of_record
TN:
SF:src\auth\dto\create.dto.ts
FNF:0
FNH:0
DA:1,2
DA:4,2
DA:7,2
DA:11,2
DA:15,2
DA:20,2
DA:25,2
DA:28,2
DA:32,2
DA:35,2
DA:38,2
DA:41,2
DA:44,2
DA:50,2
LF:14
LH:14
BRF:0
BRH:0
end_of_record
TN:
SF:src\auth\dto\update-auth.dto.ts
FNF:0
FNH:0
DA:1,0
DA:2,0
DA:4,0
LF:3
LH:0
BRF:0
BRH:0
end_of_record
TN:
SF:src\auth\entities\auth.entity.ts
FNF:0
FNH:0
DA:1,0
LF:1
LH:0
BRF:0
BRH:0
end_of_record
TN:
SF:src\prisma\prisma.module.ts
FNF:0
FNH:0
DA:2,0
DA:3,0
DA:8,0
LF:3
LH:0
BRF:0
BRH:0
end_of_record
TN:
SF:src\prisma\prisma.services.ts
FN:6,(anonymous_2)
FN:10,(anonymous_3)
FN:17,(anonymous_4)
FN:20,(anonymous_5)
FN:26,(anonymous_6)
FNF:5
FNH:1
FNDA:0,(anonymous_2)
FNDA:0,(anonymous_3)
FNDA:1,(anonymous_4)
FNDA:0,(anonymous_5)
FNDA:0,(anonymous_6)
DA:1,3
DA:2,3
DA:5,3
DA:7,0
DA:11,0
DA:16,3
DA:17,1
DA:21,0
DA:22,0
DA:23,0
DA:28,0
DA:30,0
DA:31,0
DA:35,0
DA:36,0
DA:39,0
DA:41,0
LF:17
LH:5
BRDA:35,0,0,0
BRDA:35,0,1,0
BRF:2
BRH:0
end_of_record
TN:
SF:src\shared\exceptions.ts
FN:6,(anonymous_1)
FNF:1
FNH:0
FNDA:0,(anonymous_1)
DA:1,0
DA:5,0
DA:7,0
DA:8,0
DA:9,0
DA:12,0
DA:17,0
DA:21,0
LF:8
LH:0
BRDA:12,0,0,0
BRDA:12,0,1,0
BRDA:17,1,0,0
BRDA:17,1,1,0
BRF:4
BRH:0
end_of_record
TN:
SF:src\shared\jwt.guard.ts
FN:8,(anonymous_2)
FN:11,(anonymous_3)
FNF:2
FNH:1
FNDA:1,(anonymous_2)
FNDA:0,(anonymous_3)
DA:1,1
DA:2,1
DA:3,1
DA:4,1
DA:7,1
DA:8,1
DA:9,1
DA:12,0
DA:13,0
DA:14,0
DA:16,0
LF:11
LH:7
BRDA:13,0,0,0
BRF:1
BRH:0
end_of_record
TN:
SF:src\shared\jwtStrategy.ts
FN:10,(anonymous_2)
FN:20,(anonymous_3)
FNF:2
FNH:1
FNDA:1,(anonymous_2)
FNDA:0,(anonymous_3)
DA:1,1
DA:2,1
DA:3,1
DA:4,1
DA:5,1
DA:6,1
DA:9,1
DA:11,1
DA:12,1
DA:14,1
DA:21,0
DA:22,0
DA:26,0
DA:27,0
DA:30,0
DA:34,0
DA:35,0
DA:36,0
DA:37,0
DA:40,0
LF:20
LH:10
BRDA:26,0,0,0
BRDA:34,1,0,0
BRDA:34,1,1,0
BRDA:36,2,0,0
BRF:4
BRH:0
end_of_record
TN:
SF:src\shared\entities\role.entity.ts
FN:11,(anonymous_0)
FNF:1
FNH:0
FNDA:0,(anonymous_0)
DA:2,0
DA:12,0
LF:2
LH:0
BRF:0
BRH:0
end_of_record
TN:
SF:src\user\user.controller.ts
FN:12,(anonymous_4)
FN:15,(anonymous_5)
FN:21,(anonymous_6)
FN:27,(anonymous_7)
FN:34,(anonymous_8)
FN:46,(anonymous_9)
FN:53,(anonymous_10)
FNF:7
FNH:1
FNDA:1,(anonymous_4)
FNDA:0,(anonymous_5)
FNDA:0,(anonymous_6)
FNDA:0,(anonymous_7)
FNDA:0,(anonymous_8)
FNDA:0,(anonymous_9)
FNDA:0,(anonymous_10)
DA:1,1
DA:2,1
DA:3,1
DA:4,1
DA:5,1
DA:6,1
DA:11,1
DA:12,1
DA:15,1
DA:16,0
DA:21,1
DA:22,0
DA:27,1
DA:28,0
DA:34,1
DA:35,0
DA:46,1
DA:47,0
DA:53,1
DA:54,0
LF:20
LH:14
BRF:0
BRH:0
end_of_record
TN:
SF:src\user\user.module.ts
FNF:0
FNH:0
DA:1,1
DA:2,1
DA:3,1
DA:4,1
DA:10,1
LF:5
LH:5
BRF:0
BRH:0
end_of_record
TN:
SF:src\user\user.service.ts
FN:8,(anonymous_2)
FN:11,(anonymous_3)
FN:21,(anonymous_4)
FN:36,(anonymous_5)
FN:55,(anonymous_6)
FN:67,(anonymous_7)
FN:76,(anonymous_8)
FN:100,(anonymous_9)
FNF:8
FNH:1
FNDA:2,(anonymous_2)
FNDA:0,(anonymous_3)
FNDA:0,(anonymous_4)
FNDA:0,(anonymous_5)
FNDA:0,(anonymous_6)
FNDA:0,(anonymous_7)
FNDA:0,(anonymous_8)
FNDA:0,(anonymous_9)
DA:1,1
DA:3,1
DA:7,1
DA:8,2
DA:12,0
DA:22,0
DA:26,0
DA:37,0
DA:39,0
DA:40,0
DA:47,0
DA:49,0
DA:50,0
DA:52,0
DA:56,0
DA:58,0
DA:59,0
DA:62,0
DA:64,0
DA:69,0
DA:71,0
DA:72,0
DA:76,0
DA:78,0
DA:80,0
DA:84,0
DA:97,0
DA:101,0
LF:28
LH:4
BRDA:22,0,0,0
BRDA:22,0,1,0
BRDA:49,1,0,0
BRDA:58,2,0,0
BRDA:71,3,0,0
BRDA:78,4,0,0
BRF:6
BRH:0
end_of_record
TN:
SF:src\user\dto\create-user.dto.ts
FNF:0
FNH:0
DA:1,1
DA:3,1
DA:4,1
DA:12,1
DA:15,1
LF:5
LH:5
BRF:0
BRH:0
end_of_record
TN:
SF:src\user\dto\update-user.dto.ts
FNF:0
FNH:0
DA:1,0
DA:2,0
DA:4,0
LF:3
LH:0
BRF:0
BRH:0
end_of_record
TN:
SF:src\user\entities\user.entity.ts
FN:19,(anonymous_0)
FNF:1
FNH:0
FNDA:0,(anonymous_0)
DA:2,0
DA:20,0
LF:2
LH:0
BRF:0
BRH:0
end_of_record
